<?xml version="1.0" encoding="UTF-8"?>
<!-- Generated by org.testng.reporters.JUnitXMLReporter -->
<testsuite hostname="SOUMYAJIT" ignored="0" name="Test" tests="3" failures="0" timestamp="2021-05-24T18:45:20 IST" time="22.672" errors="0">
  <testcase name="DefaultTest" time="0.384" classname="testCases.bewakooftestcase"/>
  <testcase name="DefaultTestpass" time="0.165" classname="testCases.bewakooftestcase"/>
  <testcase name="DefaultTest" time="0.995" classname="testCases.bewakooftestcase2"/>
</testsuite> <!-- Test -->
